-------------------------------------------------------------------------------
Test set: com.example.junit5.test.assertions.StringUtilsTest
-------------------------------------------------------------------------------
Tests run: 7, Failures: 1, Errors: 0, Skipped: 1, Time elapsed: 0.026 s <<< FAILURE! - in com.example.junit5.test.assertions.StringUtilsTest
testConvertToDoubleThrowException  Time elapsed: 0.012 s  <<< FAILURE!
org.opentest4j.AssertionFailedError: Unexpected exception type thrown ==> expected: <java.lang.NumberFormatException> but was: <java.lang.IllegalArgumentException>
	at com.example.junit5.test.assertions.StringUtilsTest.testConvertToDoubleThrowException(StringUtilsTest.java:45)
Caused by: java.lang.IllegalArgumentException: String null!
	at com.example.junit5.test.assertions.StringUtilsTest.lambda$testConvertToDoubleThrowException$5(StringUtilsTest.java:46)
	at com.example.junit5.test.assertions.StringUtilsTest.testConvertToDoubleThrowException(StringUtilsTest.java:45)

