<?xml version="1.0" encoding="UTF-8"?>
<testsuite xmlns:xsi="http://www.w3.org/2001/XMLSchema-instance" xsi:noNamespaceSchemaLocation="https://maven.apache.org/surefire/maven-surefire-plugin/xsd/surefire-test-report.xsd" name="com.example.junit5.test.assertions.StringUtilsTest" time="0.026" tests="7" errors="0" skipped="1" failures="1">
  <properties>
[...]
</properties>
  <testcase name="testConvertToDoubleWithNullArgument" classname="com.example.junit5.test.assertions.StringUtilsTest" time="0">
    <skipped message="void com.example.junit5.test.assertions.StringUtilsTest.testConvertToDoubleWithNullArgument() is @Disabled"/>
  </testcase>
  <testcase name="testGetDefaultIfNull" classname="com.example.junit5.test.assertions.StringUtilsTest" time="0"/>
  <testcase name="testConcatString" classname="com.example.junit5.test.assertions.StringUtilsTest" time="0.001"/>
  <testcase name="testConvertToDoubleThrowException" classname="com.example.junit5.test.assertions.StringUtilsTest" time="0.012">
    <failure message="Unexpected exception type thrown ==&gt; expected: &lt;java.lang.NumberFormatException&gt; but was: &lt;java.lang.IllegalArgumentException&gt;" type="org.opentest4j.AssertionFailedError"><![CDATA[org.opentest4j.AssertionFailedError: Unexpected exception type thrown ==> expected: <java.lang.NumberFormatException> but was: <java.lang.IllegalArgumentException>
	at com.example.junit5.test.assertions.StringUtilsTest.testConvertToDoubleThrowException(StringUtilsTest.java:45)
Caused by: java.lang.IllegalArgumentException: String null!
	at com.example.junit5.test.assertions.StringUtilsTest.lambda$testConvertToDoubleThrowException$5(StringUtilsTest.java:46)
	at com.example.junit5.test.assertions.StringUtilsTest.testConvertToDoubleThrowException(StringUtilsTest.java:45)
]]></failure>
  </testcase>
  <testcase name="testIsNullOrBlank" classname="com.example.junit5.test.assertions.StringUtilsTest" time="0.004"/>
  <testcase name="testConcatWithRegularInput" classname="com.example.junit5.test.assertions.StringUtilsTest" time="0.001"/>
  <testcase name="testConcatWithNullInput" classname="com.example.junit5.test.assertions.StringUtilsTest" time="0.001"/>
</testsuite>